<?xml version='1.0' encoding='UTF-8' ?>
<testsuite name="fr.tvbarthel.apps.simpleweatherforcast.tests.ApplicationTest" tests="5" failures="0" errors="0" time="0.537" timestamp="2014-07-01T20:20:54" hostname="localhost">
  <properties device="Nexus 5 - 4.4.4" flavor="" project="SimpleWeatherForecast" />
  <testcase name="testAndroidTestCaseSetupProperly" classname="fr.tvbarthel.apps.simpleweatherforcast.tests.ApplicationTest" time="0.0" />
  <testcase name="testApplicationTestCaseSetUpProperly" classname="fr.tvbarthel.apps.simpleweatherforcast.tests.ApplicationTest" time="0.025" />
  <testcase name="testDailyForecastModel" classname="fr.tvbarthel.apps.simpleweatherforcast.tests.ApplicationTest" time="0.0" />
  <testcase name="testAsyncParsing" classname="fr.tvbarthel.apps.simpleweatherforcast.tests.DailyForecastJsonParserTest" time="0.331" />
  <testcase name="testSyncParsing" classname="fr.tvbarthel.apps.simpleweatherforcast.tests.DailyForecastJsonParserTest" time="0.15" />
</testsuite>